十一月 27, 2013 1:08:54 下午 org.apache.catalina.core.AprLifecycleListener init
INFO: The APR based Apache Tomcat Native library which allows optimal performance in production environments was not found on the java.library.path: C:\Program Files\Java\jdk1.7.0_17\bin;C:\WINDOWS\Sun\Java\bin;C:\WINDOWS\system32;C:\WINDOWS;C:\WINDOWS\system32;C:\WINDOWS;C:\WINDOWS\System32\Wbem;C:\Program Files\MySQL\MySQL Server 5.5\bin;C:\Program Files\TortoiseSVN\bin;D:\WPS Office\9.1.0.4397\office6;C:\Program Files\Java\jdk1.7.0_17\bin;.
十一月 27, 2013 1:08:55 下午 org.apache.coyote.AbstractProtocol init
INFO: Initializing ProtocolHandler ["http-bio-8888"]
十一月 27, 2013 1:08:55 下午 org.apache.coyote.AbstractProtocol init
INFO: Initializing ProtocolHandler ["ajp-bio-8019"]
十一月 27, 2013 1:08:55 下午 org.apache.catalina.startup.Catalina load
INFO: Initialization processed in 1421 ms
十一月 27, 2013 1:08:55 下午 org.apache.catalina.core.StandardService startInternal
INFO: Starting service Catalina
十一月 27, 2013 1:08:55 下午 org.apache.catalina.core.StandardEngine startInternal
INFO: Starting Servlet Engine: Apache Tomcat/7.0.47
十一月 27, 2013 1:08:55 下午 org.apache.catalina.startup.HostConfig deployDirectory
INFO: Deploying web application directory D:\Developer\apache-tomcat-easyui\webapps\docs
十一月 27, 2013 1:08:56 下午 org.apache.catalina.startup.HostConfig deployDirectory
INFO: Deploying web application directory D:\Developer\apache-tomcat-easyui\webapps\examples
十一月 27, 2013 1:08:57 下午 org.apache.catalina.startup.HostConfig deployDirectory
INFO: Deploying web application directory D:\Developer\apache-tomcat-easyui\webapps\host-manager
十一月 27, 2013 1:08:57 下午 org.apache.catalina.startup.HostConfig deployDirectory
INFO: Deploying web application directory D:\Developer\apache-tomcat-easyui\webapps\manager
十一月 27, 2013 1:08:57 下午 org.apache.catalina.startup.HostConfig deployDirectory
INFO: Deploying web application directory D:\Developer\apache-tomcat-easyui\webapps\ROOT
十一月 27, 2013 1:08:57 下午 org.apache.coyote.AbstractProtocol start
INFO: Starting ProtocolHandler ["http-bio-8888"]
十一月 27, 2013 1:08:57 下午 org.apache.coyote.AbstractProtocol start
INFO: Starting ProtocolHandler ["ajp-bio-8019"]
十一月 27, 2013 1:08:57 下午 org.apache.catalina.startup.Catalina start
INFO: Server startup in 2464 ms
十一月 27, 2013 2:55:11 下午 org.apache.catalina.core.AprLifecycleListener init
INFO: The APR based Apache Tomcat Native library which allows optimal performance in production environments was not found on the java.library.path: C:\Program Files\Java\jdk1.7.0_17\bin;C:\WINDOWS\Sun\Java\bin;C:\WINDOWS\system32;C:\WINDOWS;C:\WINDOWS\system32;C:\WINDOWS;C:\WINDOWS\System32\Wbem;C:\Program Files\MySQL\MySQL Server 5.5\bin;C:\Program Files\TortoiseSVN\bin;D:\WPS Office\9.1.0.4397\office6;C:\Program Files\Java\jdk1.7.0_17\bin;.
十一月 27, 2013 2:55:11 下午 org.apache.coyote.AbstractProtocol init
INFO: Initializing ProtocolHandler ["http-bio-8888"]
十一月 27, 2013 2:55:11 下午 org.apache.coyote.AbstractProtocol init
INFO: Initializing ProtocolHandler ["ajp-bio-8019"]
十一月 27, 2013 2:55:11 下午 org.apache.catalina.startup.Catalina load
INFO: Initialization processed in 981 ms
十一月 27, 2013 2:55:11 下午 org.apache.catalina.core.StandardService startInternal
INFO: Starting service Catalina
十一月 27, 2013 2:55:11 下午 org.apache.catalina.core.StandardEngine startInternal
INFO: Starting Servlet Engine: Apache Tomcat/7.0.47
十一月 27, 2013 2:55:12 下午 org.apache.catalina.startup.HostConfig deployDirectory
INFO: Deploying web application directory D:\Developer\apache-tomcat-easyui\webapps\docs
十一月 27, 2013 2:55:12 下午 org.apache.catalina.startup.HostConfig deployDirectory
INFO: Deploying web application directory D:\Developer\apache-tomcat-easyui\webapps\examples
十一月 27, 2013 2:55:13 下午 org.apache.catalina.startup.HostConfig deployDirectory
INFO: Deploying web application directory D:\Developer\apache-tomcat-easyui\webapps\host-manager
十一月 27, 2013 2:55:13 下午 org.apache.catalina.startup.HostConfig deployDirectory
INFO: Deploying web application directory D:\Developer\apache-tomcat-easyui\webapps\manager
十一月 27, 2013 2:55:13 下午 org.apache.catalina.startup.HostConfig deployDirectory
INFO: Deploying web application directory D:\Developer\apache-tomcat-easyui\webapps\ROOT
十一月 27, 2013 2:55:13 下午 org.apache.coyote.AbstractProtocol start
INFO: Starting ProtocolHandler ["http-bio-8888"]
十一月 27, 2013 2:55:13 下午 org.apache.coyote.AbstractProtocol start
INFO: Starting ProtocolHandler ["ajp-bio-8019"]
十一月 27, 2013 2:55:13 下午 org.apache.catalina.startup.Catalina start
INFO: Server startup in 1802 ms
十一月 27, 2013 2:55:46 下午 org.apache.coyote.AbstractProtocol pause
INFO: Pausing ProtocolHandler ["http-bio-8888"]
十一月 27, 2013 2:55:46 下午 org.apache.coyote.AbstractProtocol pause
INFO: Pausing ProtocolHandler ["ajp-bio-8019"]
十一月 27, 2013 2:55:46 下午 org.apache.catalina.core.StandardService stopInternal
INFO: Stopping service Catalina
十一月 27, 2013 2:55:46 下午 org.apache.coyote.AbstractProtocol stop
INFO: Stopping ProtocolHandler ["http-bio-8888"]
十一月 27, 2013 2:55:46 下午 org.apache.coyote.AbstractProtocol stop
INFO: Stopping ProtocolHandler ["ajp-bio-8019"]
十一月 27, 2013 2:55:46 下午 org.apache.coyote.AbstractProtocol destroy
INFO: Destroying ProtocolHandler ["http-bio-8888"]
十一月 27, 2013 2:55:46 下午 org.apache.coyote.AbstractProtocol destroy
INFO: Destroying ProtocolHandler ["ajp-bio-8019"]
十一月 27, 2013 2:56:52 下午 org.apache.catalina.core.AprLifecycleListener init
INFO: The APR based Apache Tomcat Native library which allows optimal performance in production environments was not found on the java.library.path: C:\Program Files\Java\jdk1.7.0_17\bin;C:\WINDOWS\Sun\Java\bin;C:\WINDOWS\system32;C:\WINDOWS;C:\WINDOWS\system32;C:\WINDOWS;C:\WINDOWS\System32\Wbem;C:\Program Files\MySQL\MySQL Server 5.5\bin;C:\Program Files\TortoiseSVN\bin;D:\WPS Office\9.1.0.4397\office6;C:\Program Files\Java\jdk1.7.0_17\bin;.
十一月 27, 2013 2:56:52 下午 org.apache.coyote.AbstractProtocol init
INFO: Initializing ProtocolHandler ["http-bio-8888"]
十一月 27, 2013 2:56:52 下午 org.apache.coyote.AbstractProtocol init
INFO: Initializing ProtocolHandler ["ajp-bio-8019"]
十一月 27, 2013 2:56:52 下午 org.apache.catalina.startup.Catalina load
INFO: Initialization processed in 593 ms
十一月 27, 2013 2:56:52 下午 org.apache.catalina.core.StandardService startInternal
INFO: Starting service Catalina
十一月 27, 2013 2:56:52 下午 org.apache.catalina.core.StandardEngine startInternal
INFO: Starting Servlet Engine: Apache Tomcat/7.0.47
十一月 27, 2013 2:56:53 下午 org.apache.catalina.startup.HostConfig deployDirectory
INFO: Deploying web application directory D:\Developer\apache-tomcat-easyui\webapps\docs
十一月 27, 2013 2:56:53 下午 org.apache.catalina.startup.HostConfig deployDirectory
INFO: Deploying web application directory D:\Developer\apache-tomcat-easyui\webapps\examples
十一月 27, 2013 2:56:53 下午 org.apache.catalina.startup.HostConfig deployDirectory
INFO: Deploying web application directory D:\Developer\apache-tomcat-easyui\webapps\host-manager
十一月 27, 2013 2:56:54 下午 org.apache.catalina.startup.HostConfig deployDirectory
INFO: Deploying web application directory D:\Developer\apache-tomcat-easyui\webapps\manager
十一月 27, 2013 2:56:54 下午 org.apache.coyote.AbstractProtocol start
INFO: Starting ProtocolHandler ["http-bio-8888"]
十一月 27, 2013 2:56:54 下午 org.apache.coyote.AbstractProtocol start
INFO: Starting ProtocolHandler ["ajp-bio-8019"]
十一月 27, 2013 2:56:54 下午 org.apache.catalina.startup.Catalina start
INFO: Server startup in 1210 ms
