十一月 28, 2013 9:55:48 上午 org.apache.catalina.core.AprLifecycleListener init
INFO: The APR based Apache Tomcat Native library which allows optimal performance in production environments was not found on the java.library.path: C:\Program Files\Java\jdk1.7.0_17\bin;C:\WINDOWS\Sun\Java\bin;C:\WINDOWS\system32;C:\WINDOWS;C:\WINDOWS\system32;C:\WINDOWS;C:\WINDOWS\System32\Wbem;C:\Program Files\MySQL\MySQL Server 5.5\bin;C:\Program Files\TortoiseSVN\bin;D:\WPS Office\9.1.0.4397\office6;C:\Program Files\Java\jdk1.7.0_17\bin;.
十一月 28, 2013 9:55:49 上午 org.apache.coyote.AbstractProtocol init
INFO: Initializing ProtocolHandler ["http-bio-8888"]
十一月 28, 2013 9:55:49 上午 org.apache.coyote.AbstractProtocol init
INFO: Initializing ProtocolHandler ["ajp-bio-8019"]
十一月 28, 2013 9:55:49 上午 org.apache.catalina.startup.Catalina load
INFO: Initialization processed in 1548 ms
十一月 28, 2013 9:55:49 上午 org.apache.catalina.core.StandardService startInternal
INFO: Starting service Catalina
十一月 28, 2013 9:55:49 上午 org.apache.catalina.core.StandardEngine startInternal
INFO: Starting Servlet Engine: Apache Tomcat/7.0.47
十一月 28, 2013 9:55:50 上午 org.apache.catalina.startup.HostConfig deployDirectory
INFO: Deploying web application directory D:\Developer\apache-tomcat-easyui\webapps\docs
十一月 28, 2013 9:55:50 上午 org.apache.catalina.startup.HostConfig deployDirectory
INFO: Deploying web application directory D:\Developer\apache-tomcat-easyui\webapps\examples
十一月 28, 2013 9:55:51 上午 org.apache.catalina.startup.HostConfig deployDirectory
INFO: Deploying web application directory D:\Developer\apache-tomcat-easyui\webapps\host-manager
十一月 28, 2013 9:55:51 上午 org.apache.catalina.startup.HostConfig deployDirectory
INFO: Deploying web application directory D:\Developer\apache-tomcat-easyui\webapps\manager
十一月 28, 2013 9:55:51 上午 org.apache.coyote.AbstractProtocol start
INFO: Starting ProtocolHandler ["http-bio-8888"]
十一月 28, 2013 9:55:51 上午 org.apache.coyote.AbstractProtocol start
INFO: Starting ProtocolHandler ["ajp-bio-8019"]
十一月 28, 2013 9:55:51 上午 org.apache.catalina.startup.Catalina start
INFO: Server startup in 2310 ms
