九月 15, 2017 11:20:16 上午 org.apache.catalina.core.AprLifecycleListener init
信息: The APR based Apache Tomcat Native library which allows optimal performance in production environments was not found on the java.library.path: F:\Program Files (x86)\JDK1.7\bin;C:\WINDOWS\Sun\Java\bin;C:\WINDOWS\system32;C:\WINDOWS;C:\WINDOWS\system32;C:\WINDOWS;C:\WINDOWS\System32\Wbem;C:\WINDOWS\System32\WindowsPowerShell\v1.0\;F:\Program Files (x86)\MySQL\MySQL Server 5.5\bin;C:\Users\Administrator\AppData\Local\Microsoft\WindowsApps;F:\Program Files (x86)\JDK1.7\bin;F:\OpenSources\apache-maven-3.2.5\bin;.
九月 15, 2017 11:20:18 上午 org.apache.coyote.AbstractProtocol init
信息: Initializing ProtocolHandler ["http-bio-8888"]
九月 15, 2017 11:20:18 上午 org.apache.coyote.AbstractProtocol init
信息: Initializing ProtocolHandler ["ajp-bio-8019"]
九月 15, 2017 11:20:18 上午 org.apache.catalina.startup.Catalina load
信息: Initialization processed in 2939 ms
九月 15, 2017 11:20:18 上午 org.apache.catalina.core.StandardService startInternal
信息: Starting service Catalina
九月 15, 2017 11:20:18 上午 org.apache.catalina.core.StandardEngine startInternal
信息: Starting Servlet Engine: Apache Tomcat/7.0.47
九月 15, 2017 11:20:18 上午 org.apache.catalina.startup.HostConfig deployDirectory
信息: Deploying web application directory D:\BaiduNetdiskDownload\05-18_EasyUI\EasyUI\资料\apache-tomcat-easyui\webapps\docs
九月 15, 2017 11:20:20 上午 org.apache.catalina.util.SessionIdGenerator createSecureRandom
信息: Creation of SecureRandom instance for session ID generation using [SHA1PRNG] took [242] milliseconds.
九月 15, 2017 11:20:20 上午 org.apache.catalina.startup.HostConfig deployDirectory
信息: Deploying web application directory D:\BaiduNetdiskDownload\05-18_EasyUI\EasyUI\资料\apache-tomcat-easyui\webapps\easyui-docs
九月 15, 2017 11:20:20 上午 org.apache.catalina.startup.HostConfig deployDirectory
信息: Deploying web application directory D:\BaiduNetdiskDownload\05-18_EasyUI\EasyUI\资料\apache-tomcat-easyui\webapps\examples
九月 15, 2017 11:20:21 上午 org.apache.catalina.startup.HostConfig deployDirectory
信息: Deploying web application directory D:\BaiduNetdiskDownload\05-18_EasyUI\EasyUI\资料\apache-tomcat-easyui\webapps\host-manager
九月 15, 2017 11:20:21 上午 org.apache.catalina.startup.HostConfig deployDirectory
信息: Deploying web application directory D:\BaiduNetdiskDownload\05-18_EasyUI\EasyUI\资料\apache-tomcat-easyui\webapps\manager
九月 15, 2017 11:20:21 上午 org.apache.catalina.startup.HostConfig deployDirectory
信息: Deploying web application directory D:\BaiduNetdiskDownload\05-18_EasyUI\EasyUI\资料\apache-tomcat-easyui\webapps\ROOT
九月 15, 2017 11:20:21 上午 org.apache.coyote.AbstractProtocol start
信息: Starting ProtocolHandler ["http-bio-8888"]
九月 15, 2017 11:20:21 上午 org.apache.coyote.AbstractProtocol start
信息: Starting ProtocolHandler ["ajp-bio-8019"]
九月 15, 2017 11:20:21 上午 org.apache.catalina.startup.Catalina start
信息: Server startup in 3062 ms
九月 15, 2017 11:21:59 上午 org.apache.catalina.core.AprLifecycleListener init
信息: The APR based Apache Tomcat Native library which allows optimal performance in production environments was not found on the java.library.path: F:\Program Files (x86)\JDK1.7\bin;C:\WINDOWS\Sun\Java\bin;C:\WINDOWS\system32;C:\WINDOWS;C:\WINDOWS\system32;C:\WINDOWS;C:\WINDOWS\System32\Wbem;C:\WINDOWS\System32\WindowsPowerShell\v1.0\;F:\Program Files (x86)\MySQL\MySQL Server 5.5\bin;C:\Users\Administrator\AppData\Local\Microsoft\WindowsApps;F:\Program Files (x86)\JDK1.7\bin;F:\OpenSources\apache-maven-3.2.5\bin;.
九月 15, 2017 11:21:59 上午 org.apache.coyote.AbstractProtocol init
信息: Initializing ProtocolHandler ["http-bio-8888"]
九月 15, 2017 11:21:59 上午 org.apache.coyote.AbstractProtocol init
信息: Initializing ProtocolHandler ["ajp-bio-8019"]
九月 15, 2017 11:21:59 上午 org.apache.catalina.startup.Catalina load
信息: Initialization processed in 708 ms
九月 15, 2017 11:21:59 上午 org.apache.catalina.core.StandardService startInternal
信息: Starting service Catalina
九月 15, 2017 11:21:59 上午 org.apache.catalina.core.StandardEngine startInternal
信息: Starting Servlet Engine: Apache Tomcat/7.0.47
九月 15, 2017 11:21:59 上午 org.apache.catalina.startup.HostConfig deployDirectory
信息: Deploying web application directory D:\BaiduNetdiskDownload\05-18_EasyUI\EasyUI\资料\apache-tomcat-easyui\webapps\docs
九月 15, 2017 11:22:00 上午 org.apache.catalina.startup.HostConfig deployDirectory
信息: Deploying web application directory D:\BaiduNetdiskDownload\05-18_EasyUI\EasyUI\资料\apache-tomcat-easyui\webapps\easyui-docs
九月 15, 2017 11:22:00 上午 org.apache.catalina.startup.HostConfig deployDirectory
信息: Deploying web application directory D:\BaiduNetdiskDownload\05-18_EasyUI\EasyUI\资料\apache-tomcat-easyui\webapps\examples
九月 15, 2017 11:22:00 上午 org.apache.catalina.startup.HostConfig deployDirectory
信息: Deploying web application directory D:\BaiduNetdiskDownload\05-18_EasyUI\EasyUI\资料\apache-tomcat-easyui\webapps\host-manager
九月 15, 2017 11:22:01 上午 org.apache.catalina.startup.HostConfig deployDirectory
信息: Deploying web application directory D:\BaiduNetdiskDownload\05-18_EasyUI\EasyUI\资料\apache-tomcat-easyui\webapps\manager
九月 15, 2017 11:22:01 上午 org.apache.catalina.startup.HostConfig deployDirectory
信息: Deploying web application directory D:\BaiduNetdiskDownload\05-18_EasyUI\EasyUI\资料\apache-tomcat-easyui\webapps\ROOT
九月 15, 2017 11:22:01 上午 org.apache.coyote.AbstractProtocol start
信息: Starting ProtocolHandler ["http-bio-8888"]
九月 15, 2017 11:22:01 上午 org.apache.coyote.AbstractProtocol start
信息: Starting ProtocolHandler ["ajp-bio-8019"]
九月 15, 2017 11:22:01 上午 org.apache.catalina.startup.Catalina start
信息: Server startup in 1583 ms
九月 15, 2017 12:02:24 下午 org.apache.catalina.core.AprLifecycleListener init
信息: The APR based Apache Tomcat Native library which allows optimal performance in production environments was not found on the java.library.path: F:\Program Files (x86)\JDK1.7\bin;C:\WINDOWS\Sun\Java\bin;C:\WINDOWS\system32;C:\WINDOWS;C:\WINDOWS\system32;C:\WINDOWS;C:\WINDOWS\System32\Wbem;C:\WINDOWS\System32\WindowsPowerShell\v1.0\;F:\Program Files (x86)\MySQL\MySQL Server 5.5\bin;C:\Users\Administrator\AppData\Local\Microsoft\WindowsApps;F:\Program Files (x86)\JDK1.7\bin;F:\OpenSources\apache-maven-3.2.5\bin;.
九月 15, 2017 12:02:24 下午 org.apache.coyote.AbstractProtocol init
信息: Initializing ProtocolHandler ["http-bio-8888"]
九月 15, 2017 12:02:25 下午 org.apache.coyote.AbstractProtocol init
信息: Initializing ProtocolHandler ["ajp-bio-8019"]
九月 15, 2017 12:02:25 下午 org.apache.catalina.startup.Catalina load
信息: Initialization processed in 696 ms
九月 15, 2017 12:02:25 下午 org.apache.catalina.core.StandardService startInternal
信息: Starting service Catalina
九月 15, 2017 12:02:25 下午 org.apache.catalina.core.StandardEngine startInternal
信息: Starting Servlet Engine: Apache Tomcat/7.0.47
九月 15, 2017 12:02:25 下午 org.apache.catalina.startup.HostConfig deployDirectory
信息: Deploying web application directory D:\BaiduNetdiskDownload\05-18_EasyUI\EasyUI\资料\apache-tomcat-easyui\webapps\docs
九月 15, 2017 12:02:25 下午 org.apache.catalina.startup.HostConfig deployDirectory
信息: Deploying web application directory D:\BaiduNetdiskDownload\05-18_EasyUI\EasyUI\资料\apache-tomcat-easyui\webapps\easyui-docs
九月 15, 2017 12:02:25 下午 org.apache.catalina.startup.HostConfig deployDirectory
信息: Deploying web application directory D:\BaiduNetdiskDownload\05-18_EasyUI\EasyUI\资料\apache-tomcat-easyui\webapps\examples
九月 15, 2017 12:02:26 下午 org.apache.catalina.startup.HostConfig deployDirectory
信息: Deploying web application directory D:\BaiduNetdiskDownload\05-18_EasyUI\EasyUI\资料\apache-tomcat-easyui\webapps\host-manager
九月 15, 2017 12:02:26 下午 org.apache.catalina.startup.HostConfig deployDirectory
信息: Deploying web application directory D:\BaiduNetdiskDownload\05-18_EasyUI\EasyUI\资料\apache-tomcat-easyui\webapps\manager
九月 15, 2017 12:02:26 下午 org.apache.catalina.startup.HostConfig deployDirectory
信息: Deploying web application directory D:\BaiduNetdiskDownload\05-18_EasyUI\EasyUI\资料\apache-tomcat-easyui\webapps\ROOT
九月 15, 2017 12:02:26 下午 org.apache.coyote.AbstractProtocol start
信息: Starting ProtocolHandler ["http-bio-8888"]
九月 15, 2017 12:02:26 下午 org.apache.coyote.AbstractProtocol start
信息: Starting ProtocolHandler ["ajp-bio-8019"]
九月 15, 2017 12:02:26 下午 org.apache.catalina.startup.Catalina start
信息: Server startup in 1801 ms
