九月 19, 2016 9:26:21 下午 org.apache.catalina.core.AprLifecycleListener init
信息: The APR based Apache Tomcat Native library which allows optimal performance in production environments was not found on the java.library.path: D:\OpenSource\jdk1.7.0_79_x64\jdk1.7.0_79\bin;C:\WINDOWS\Sun\Java\bin;C:\WINDOWS\system32;C:\WINDOWS;C:\Program Files (x86)\Intel\iCLS Client\;C:\Program Files\Intel\iCLS Client\;%JAVA_HOME%;C:\WINDOWS\system32;C:\WINDOWS;C:\WINDOWS\System32\Wbem;C:\WINDOWS\System32\WindowsPowerShell\v1.0\;C:\Program Files (x86)\Intel\Intel(R) Management Engine Components\DAL;C:\Program Files\Intel\Intel(R) Management Engine Components\DAL;C:\Program Files (x86)\Intel\Intel(R) Management Engine Components\IPT;C:\Program Files\Intel\Intel(R) Management Engine Components\IPT;C:\Program Files (x86)\MySQL\MySQL Server 5.5\bin;D:\SVN\bin;D:\OpenSource\jdk1.7.0_79_x64\jdk1.7.0_79\bin;D:\OpenSource\apache-maven-3.2.5-bin\apache-maven-3.2.5\bin;C:\Users\Linv999\AppData\Local\Microsoft\WindowsApps;;.
九月 19, 2016 9:26:21 下午 org.apache.coyote.AbstractProtocol init
信息: Initializing ProtocolHandler ["http-bio-8888"]
九月 19, 2016 9:26:21 下午 org.apache.coyote.AbstractProtocol init
信息: Initializing ProtocolHandler ["ajp-bio-8019"]
九月 19, 2016 9:26:21 下午 org.apache.catalina.startup.Catalina load
信息: Initialization processed in 708 ms
九月 19, 2016 9:26:21 下午 org.apache.catalina.core.StandardService startInternal
信息: Starting service Catalina
九月 19, 2016 9:26:21 下午 org.apache.catalina.core.StandardEngine startInternal
信息: Starting Servlet Engine: Apache Tomcat/7.0.47
九月 19, 2016 9:26:21 下午 org.apache.catalina.startup.HostConfig deployDirectory
信息: Deploying web application directory C:\Users\Linv999\Desktop\火箭班\15.EasyUI\资料\apache-tomcat-easyui\webapps\docs
九月 19, 2016 9:26:22 下午 org.apache.catalina.startup.HostConfig deployDirectory
信息: Deploying web application directory C:\Users\Linv999\Desktop\火箭班\15.EasyUI\资料\apache-tomcat-easyui\webapps\easyui-docs
九月 19, 2016 9:26:22 下午 org.apache.catalina.startup.HostConfig deployDirectory
信息: Deploying web application directory C:\Users\Linv999\Desktop\火箭班\15.EasyUI\资料\apache-tomcat-easyui\webapps\examples
九月 19, 2016 9:26:23 下午 org.apache.catalina.startup.HostConfig deployDirectory
信息: Deploying web application directory C:\Users\Linv999\Desktop\火箭班\15.EasyUI\资料\apache-tomcat-easyui\webapps\host-manager
九月 19, 2016 9:26:23 下午 org.apache.catalina.startup.HostConfig deployDirectory
信息: Deploying web application directory C:\Users\Linv999\Desktop\火箭班\15.EasyUI\资料\apache-tomcat-easyui\webapps\manager
九月 19, 2016 9:26:23 下午 org.apache.catalina.startup.HostConfig deployDirectory
信息: Deploying web application directory C:\Users\Linv999\Desktop\火箭班\15.EasyUI\资料\apache-tomcat-easyui\webapps\ROOT
九月 19, 2016 9:26:23 下午 org.apache.coyote.AbstractProtocol start
信息: Starting ProtocolHandler ["http-bio-8888"]
九月 19, 2016 9:26:23 下午 org.apache.coyote.AbstractProtocol start
信息: Starting ProtocolHandler ["ajp-bio-8019"]
九月 19, 2016 9:26:23 下午 org.apache.catalina.startup.Catalina start
信息: Server startup in 2261 ms
