十一月 26, 2013 5:43:05 下午 org.apache.catalina.core.AprLifecycleListener init
INFO: The APR based Apache Tomcat Native library which allows optimal performance in production environments was not found on the java.library.path: C:\Program Files\Java\jdk1.7.0_17\bin;C:\WINDOWS\Sun\Java\bin;C:\WINDOWS\system32;C:\WINDOWS;C:\WINDOWS\system32;C:\WINDOWS;C:\WINDOWS\System32\Wbem;C:\Program Files\MySQL\MySQL Server 5.5\bin;C:\Program Files\TortoiseSVN\bin;D:\WPS Office\9.1.0.4397\office6;C:\Program Files\Java\jdk1.7.0_17\bin;.
十一月 26, 2013 5:43:06 下午 org.apache.coyote.AbstractProtocol init
INFO: Initializing ProtocolHandler ["http-bio-8080"]
十一月 26, 2013 5:43:06 下午 org.apache.coyote.AbstractProtocol init
INFO: Initializing ProtocolHandler ["ajp-bio-8019"]
十一月 26, 2013 5:43:06 下午 org.apache.catalina.startup.Catalina load
INFO: Initialization processed in 615 ms
十一月 26, 2013 5:43:06 下午 org.apache.catalina.core.StandardService startInternal
INFO: Starting service Catalina
十一月 26, 2013 5:43:06 下午 org.apache.catalina.core.StandardEngine startInternal
INFO: Starting Servlet Engine: Apache Tomcat/7.0.47
十一月 26, 2013 5:43:08 下午 org.apache.catalina.startup.HostConfig deployWAR
INFO: Deploying web application archive D:\Developer\apache-tomcat-easyui\webapps\easyui-docs.war
十一月 26, 2013 5:43:08 下午 org.apache.catalina.startup.HostConfig deployDirectory
INFO: Deploying web application directory D:\Developer\apache-tomcat-easyui\webapps\docs
十一月 26, 2013 5:43:08 下午 org.apache.catalina.startup.HostConfig deployDirectory
INFO: Deploying web application directory D:\Developer\apache-tomcat-easyui\webapps\examples
十一月 26, 2013 5:43:08 下午 org.apache.catalina.startup.HostConfig deployDirectory
INFO: Deploying web application directory D:\Developer\apache-tomcat-easyui\webapps\host-manager
十一月 26, 2013 5:43:08 下午 org.apache.catalina.startup.HostConfig deployDirectory
INFO: Deploying web application directory D:\Developer\apache-tomcat-easyui\webapps\manager
十一月 26, 2013 5:43:08 下午 org.apache.coyote.AbstractProtocol start
INFO: Starting ProtocolHandler ["http-bio-8080"]
十一月 26, 2013 5:43:08 下午 org.apache.coyote.AbstractProtocol start
INFO: Starting ProtocolHandler ["ajp-bio-8019"]
十一月 26, 2013 5:43:08 下午 org.apache.catalina.startup.Catalina start
INFO: Server startup in 2454 ms
十一月 26, 2013 5:43:08 下午 org.apache.catalina.core.StandardServer await
SEVERE: StandardServer.await: create[localhost:8005]: 
java.net.BindException: Address already in use: JVM_Bind
	at java.net.TwoStacksPlainSocketImpl.socketBind(Native Method)
	at java.net.AbstractPlainSocketImpl.bind(AbstractPlainSocketImpl.java:376)
	at java.net.TwoStacksPlainSocketImpl.bind(TwoStacksPlainSocketImpl.java:101)
	at java.net.PlainSocketImpl.bind(PlainSocketImpl.java:175)
	at java.net.ServerSocket.bind(ServerSocket.java:376)
	at java.net.ServerSocket.<init>(ServerSocket.java:237)
	at org.apache.catalina.core.StandardServer.await(StandardServer.java:427)
	at org.apache.catalina.startup.Catalina.await(Catalina.java:779)
	at org.apache.catalina.startup.Catalina.start(Catalina.java:725)
	at sun.reflect.NativeMethodAccessorImpl.invoke0(Native Method)
	at sun.reflect.NativeMethodAccessorImpl.invoke(NativeMethodAccessorImpl.java:57)
	at sun.reflect.DelegatingMethodAccessorImpl.invoke(DelegatingMethodAccessorImpl.java:43)
	at java.lang.reflect.Method.invoke(Method.java:601)
	at org.apache.catalina.startup.Bootstrap.start(Bootstrap.java:322)
	at org.apache.catalina.startup.Bootstrap.main(Bootstrap.java:456)

十一月 26, 2013 5:43:08 下午 org.apache.coyote.AbstractProtocol pause
INFO: Pausing ProtocolHandler ["http-bio-8080"]
十一月 26, 2013 5:43:08 下午 org.apache.coyote.AbstractProtocol pause
INFO: Pausing ProtocolHandler ["ajp-bio-8019"]
十一月 26, 2013 5:43:08 下午 org.apache.catalina.core.StandardService stopInternal
INFO: Stopping service Catalina
十一月 26, 2013 5:43:08 下午 org.apache.coyote.AbstractProtocol stop
INFO: Stopping ProtocolHandler ["http-bio-8080"]
十一月 26, 2013 5:43:08 下午 org.apache.coyote.AbstractProtocol stop
INFO: Stopping ProtocolHandler ["ajp-bio-8019"]
十一月 26, 2013 5:43:08 下午 org.apache.coyote.AbstractProtocol destroy
INFO: Destroying ProtocolHandler ["http-bio-8080"]
十一月 26, 2013 5:43:08 下午 org.apache.coyote.AbstractProtocol destroy
INFO: Destroying ProtocolHandler ["ajp-bio-8019"]
十一月 26, 2013 5:43:11 下午 org.apache.catalina.core.AprLifecycleListener init
INFO: The APR based Apache Tomcat Native library which allows optimal performance in production environments was not found on the java.library.path: C:\Program Files\Java\jdk1.7.0_17\bin;C:\WINDOWS\Sun\Java\bin;C:\WINDOWS\system32;C:\WINDOWS;C:\WINDOWS\system32;C:\WINDOWS;C:\WINDOWS\System32\Wbem;C:\Program Files\MySQL\MySQL Server 5.5\bin;C:\Program Files\TortoiseSVN\bin;D:\WPS Office\9.1.0.4397\office6;C:\Program Files\Java\jdk1.7.0_17\bin;.
十一月 26, 2013 5:43:11 下午 org.apache.coyote.AbstractProtocol init
INFO: Initializing ProtocolHandler ["http-bio-8080"]
十一月 26, 2013 5:43:11 下午 org.apache.coyote.AbstractProtocol init
INFO: Initializing ProtocolHandler ["ajp-bio-8019"]
十一月 26, 2013 5:43:11 下午 org.apache.catalina.startup.Catalina load
INFO: Initialization processed in 516 ms
十一月 26, 2013 5:43:11 下午 org.apache.catalina.core.StandardService startInternal
INFO: Starting service Catalina
十一月 26, 2013 5:43:11 下午 org.apache.catalina.core.StandardEngine startInternal
INFO: Starting Servlet Engine: Apache Tomcat/7.0.47
十一月 26, 2013 5:43:13 下午 org.apache.catalina.startup.HostConfig deployWAR
INFO: Deploying web application archive D:\Developer\apache-tomcat-easyui\webapps\easyui-docs.war
十一月 26, 2013 5:43:13 下午 org.apache.catalina.startup.HostConfig deployDirectory
INFO: Deploying web application directory D:\Developer\apache-tomcat-easyui\webapps\docs
十一月 26, 2013 5:43:13 下午 org.apache.catalina.startup.HostConfig deployDirectory
INFO: Deploying web application directory D:\Developer\apache-tomcat-easyui\webapps\examples
十一月 26, 2013 5:43:13 下午 org.apache.catalina.startup.HostConfig deployDirectory
INFO: Deploying web application directory D:\Developer\apache-tomcat-easyui\webapps\host-manager
十一月 26, 2013 5:43:13 下午 org.apache.catalina.startup.HostConfig deployDirectory
INFO: Deploying web application directory D:\Developer\apache-tomcat-easyui\webapps\manager
十一月 26, 2013 5:43:13 下午 org.apache.coyote.AbstractProtocol start
INFO: Starting ProtocolHandler ["http-bio-8080"]
十一月 26, 2013 5:43:13 下午 org.apache.coyote.AbstractProtocol start
INFO: Starting ProtocolHandler ["ajp-bio-8019"]
十一月 26, 2013 5:43:13 下午 org.apache.catalina.startup.Catalina start
INFO: Server startup in 2356 ms
十一月 26, 2013 5:43:13 下午 org.apache.catalina.core.StandardServer await
SEVERE: StandardServer.await: create[localhost:8005]: 
java.net.BindException: Address already in use: JVM_Bind
	at java.net.TwoStacksPlainSocketImpl.socketBind(Native Method)
	at java.net.AbstractPlainSocketImpl.bind(AbstractPlainSocketImpl.java:376)
	at java.net.TwoStacksPlainSocketImpl.bind(TwoStacksPlainSocketImpl.java:101)
	at java.net.PlainSocketImpl.bind(PlainSocketImpl.java:175)
	at java.net.ServerSocket.bind(ServerSocket.java:376)
	at java.net.ServerSocket.<init>(ServerSocket.java:237)
	at org.apache.catalina.core.StandardServer.await(StandardServer.java:427)
	at org.apache.catalina.startup.Catalina.await(Catalina.java:779)
	at org.apache.catalina.startup.Catalina.start(Catalina.java:725)
	at sun.reflect.NativeMethodAccessorImpl.invoke0(Native Method)
	at sun.reflect.NativeMethodAccessorImpl.invoke(NativeMethodAccessorImpl.java:57)
	at sun.reflect.DelegatingMethodAccessorImpl.invoke(DelegatingMethodAccessorImpl.java:43)
	at java.lang.reflect.Method.invoke(Method.java:601)
	at org.apache.catalina.startup.Bootstrap.start(Bootstrap.java:322)
	at org.apache.catalina.startup.Bootstrap.main(Bootstrap.java:456)

十一月 26, 2013 5:43:13 下午 org.apache.coyote.AbstractProtocol pause
INFO: Pausing ProtocolHandler ["http-bio-8080"]
十一月 26, 2013 5:43:13 下午 org.apache.coyote.AbstractProtocol pause
INFO: Pausing ProtocolHandler ["ajp-bio-8019"]
十一月 26, 2013 5:43:13 下午 org.apache.catalina.core.StandardService stopInternal
INFO: Stopping service Catalina
十一月 26, 2013 5:43:13 下午 org.apache.coyote.AbstractProtocol stop
INFO: Stopping ProtocolHandler ["http-bio-8080"]
十一月 26, 2013 5:43:13 下午 org.apache.coyote.AbstractProtocol stop
INFO: Stopping ProtocolHandler ["ajp-bio-8019"]
十一月 26, 2013 5:43:13 下午 org.apache.coyote.AbstractProtocol destroy
INFO: Destroying ProtocolHandler ["http-bio-8080"]
十一月 26, 2013 5:43:13 下午 org.apache.coyote.AbstractProtocol destroy
INFO: Destroying ProtocolHandler ["ajp-bio-8019"]
十一月 26, 2013 5:43:23 下午 org.apache.catalina.core.AprLifecycleListener init
INFO: The APR based Apache Tomcat Native library which allows optimal performance in production environments was not found on the java.library.path: C:\Program Files\Java\jdk1.7.0_17\bin;C:\WINDOWS\Sun\Java\bin;C:\WINDOWS\system32;C:\WINDOWS;C:\WINDOWS\system32;C:\WINDOWS;C:\WINDOWS\System32\Wbem;C:\Program Files\MySQL\MySQL Server 5.5\bin;C:\Program Files\TortoiseSVN\bin;D:\WPS Office\9.1.0.4397\office6;C:\Program Files\Java\jdk1.7.0_17\bin;.
十一月 26, 2013 5:43:23 下午 org.apache.coyote.AbstractProtocol init
INFO: Initializing ProtocolHandler ["http-bio-8080"]
十一月 26, 2013 5:43:23 下午 org.apache.coyote.AbstractProtocol init
INFO: Initializing ProtocolHandler ["ajp-bio-8019"]
十一月 26, 2013 5:43:24 下午 org.apache.catalina.startup.Catalina load
INFO: Initialization processed in 537 ms
十一月 26, 2013 5:43:24 下午 org.apache.catalina.core.StandardService startInternal
INFO: Starting service Catalina
十一月 26, 2013 5:43:24 下午 org.apache.catalina.core.StandardEngine startInternal
INFO: Starting Servlet Engine: Apache Tomcat/7.0.47
十一月 26, 2013 5:43:25 下午 org.apache.catalina.startup.HostConfig deployWAR
INFO: Deploying web application archive D:\Developer\apache-tomcat-easyui\webapps\easyui-docs.war
十一月 26, 2013 5:43:25 下午 org.apache.catalina.startup.HostConfig deployDirectory
INFO: Deploying web application directory D:\Developer\apache-tomcat-easyui\webapps\docs
十一月 26, 2013 5:43:25 下午 org.apache.catalina.startup.HostConfig deployDirectory
INFO: Deploying web application directory D:\Developer\apache-tomcat-easyui\webapps\examples
十一月 26, 2013 5:43:26 下午 org.apache.catalina.startup.HostConfig deployDirectory
INFO: Deploying web application directory D:\Developer\apache-tomcat-easyui\webapps\host-manager
十一月 26, 2013 5:43:26 下午 org.apache.catalina.startup.HostConfig deployDirectory
INFO: Deploying web application directory D:\Developer\apache-tomcat-easyui\webapps\manager
十一月 26, 2013 5:43:26 下午 org.apache.coyote.AbstractProtocol start
INFO: Starting ProtocolHandler ["http-bio-8080"]
十一月 26, 2013 5:43:26 下午 org.apache.coyote.AbstractProtocol start
INFO: Starting ProtocolHandler ["ajp-bio-8019"]
十一月 26, 2013 5:43:26 下午 org.apache.catalina.startup.Catalina start
INFO: Server startup in 2529 ms
十一月 26, 2013 5:44:15 下午 org.apache.coyote.AbstractProtocol pause
INFO: Pausing ProtocolHandler ["http-bio-8080"]
十一月 26, 2013 5:44:15 下午 org.apache.coyote.AbstractProtocol pause
INFO: Pausing ProtocolHandler ["ajp-bio-8019"]
十一月 26, 2013 5:44:15 下午 org.apache.catalina.core.StandardService stopInternal
INFO: Stopping service Catalina
十一月 26, 2013 5:44:15 下午 org.apache.coyote.AbstractProtocol stop
INFO: Stopping ProtocolHandler ["http-bio-8080"]
十一月 26, 2013 5:44:15 下午 org.apache.coyote.AbstractProtocol stop
INFO: Stopping ProtocolHandler ["ajp-bio-8019"]
十一月 26, 2013 5:44:15 下午 org.apache.coyote.AbstractProtocol destroy
INFO: Destroying ProtocolHandler ["http-bio-8080"]
十一月 26, 2013 5:44:15 下午 org.apache.coyote.AbstractProtocol destroy
INFO: Destroying ProtocolHandler ["ajp-bio-8019"]
十一月 26, 2013 5:44:21 下午 org.apache.catalina.core.AprLifecycleListener init
INFO: The APR based Apache Tomcat Native library which allows optimal performance in production environments was not found on the java.library.path: C:\Program Files\Java\jdk1.7.0_17\bin;C:\WINDOWS\Sun\Java\bin;C:\WINDOWS\system32;C:\WINDOWS;C:\WINDOWS\system32;C:\WINDOWS;C:\WINDOWS\System32\Wbem;C:\Program Files\MySQL\MySQL Server 5.5\bin;C:\Program Files\TortoiseSVN\bin;D:\WPS Office\9.1.0.4397\office6;C:\Program Files\Java\jdk1.7.0_17\bin;.
十一月 26, 2013 5:44:22 下午 org.apache.coyote.AbstractProtocol init
INFO: Initializing ProtocolHandler ["http-bio-8080"]
十一月 26, 2013 5:44:22 下午 org.apache.coyote.AbstractProtocol init
INFO: Initializing ProtocolHandler ["ajp-bio-8019"]
十一月 26, 2013 5:44:22 下午 org.apache.catalina.startup.Catalina load
INFO: Initialization processed in 522 ms
十一月 26, 2013 5:44:22 下午 org.apache.catalina.core.StandardService startInternal
INFO: Starting service Catalina
十一月 26, 2013 5:44:22 下午 org.apache.catalina.core.StandardEngine startInternal
INFO: Starting Servlet Engine: Apache Tomcat/7.0.47
十一月 26, 2013 5:44:23 下午 org.apache.catalina.startup.HostConfig deployWAR
INFO: Deploying web application archive D:\Developer\apache-tomcat-easyui\webapps\easyui-docs.war
十一月 26, 2013 5:44:24 下午 org.apache.catalina.startup.HostConfig deployDirectory
INFO: Deploying web application directory D:\Developer\apache-tomcat-easyui\webapps\docs
十一月 26, 2013 5:44:24 下午 org.apache.catalina.startup.HostConfig deployDirectory
INFO: Deploying web application directory D:\Developer\apache-tomcat-easyui\webapps\examples
十一月 26, 2013 5:44:24 下午 org.apache.catalina.startup.HostConfig deployDirectory
INFO: Deploying web application directory D:\Developer\apache-tomcat-easyui\webapps\host-manager
十一月 26, 2013 5:44:24 下午 org.apache.catalina.startup.HostConfig deployDirectory
INFO: Deploying web application directory D:\Developer\apache-tomcat-easyui\webapps\manager
十一月 26, 2013 5:44:24 下午 org.apache.coyote.AbstractProtocol start
INFO: Starting ProtocolHandler ["http-bio-8080"]
十一月 26, 2013 5:44:24 下午 org.apache.coyote.AbstractProtocol start
INFO: Starting ProtocolHandler ["ajp-bio-8019"]
十一月 26, 2013 5:44:24 下午 org.apache.catalina.startup.Catalina start
INFO: Server startup in 2386 ms
十一月 26, 2013 5:44:45 下午 org.apache.coyote.AbstractProtocol pause
INFO: Pausing ProtocolHandler ["http-bio-8080"]
十一月 26, 2013 5:44:45 下午 org.apache.coyote.AbstractProtocol pause
INFO: Pausing ProtocolHandler ["ajp-bio-8019"]
十一月 26, 2013 5:44:45 下午 org.apache.catalina.core.StandardService stopInternal
INFO: Stopping service Catalina
十一月 26, 2013 5:44:45 下午 org.apache.coyote.AbstractProtocol stop
INFO: Stopping ProtocolHandler ["http-bio-8080"]
十一月 26, 2013 5:44:45 下午 org.apache.coyote.AbstractProtocol stop
INFO: Stopping ProtocolHandler ["ajp-bio-8019"]
十一月 26, 2013 5:44:45 下午 org.apache.coyote.AbstractProtocol destroy
INFO: Destroying ProtocolHandler ["http-bio-8080"]
十一月 26, 2013 5:44:45 下午 org.apache.coyote.AbstractProtocol destroy
INFO: Destroying ProtocolHandler ["ajp-bio-8019"]
十一月 26, 2013 5:45:16 下午 org.apache.catalina.core.AprLifecycleListener init
INFO: The APR based Apache Tomcat Native library which allows optimal performance in production environments was not found on the java.library.path: C:\Program Files\Java\jdk1.7.0_17\bin;C:\WINDOWS\Sun\Java\bin;C:\WINDOWS\system32;C:\WINDOWS;C:\WINDOWS\system32;C:\WINDOWS;C:\WINDOWS\System32\Wbem;C:\Program Files\MySQL\MySQL Server 5.5\bin;C:\Program Files\TortoiseSVN\bin;D:\WPS Office\9.1.0.4397\office6;C:\Program Files\Java\jdk1.7.0_17\bin;.
十一月 26, 2013 5:45:16 下午 org.apache.coyote.AbstractProtocol init
INFO: Initializing ProtocolHandler ["http-bio-8080"]
十一月 26, 2013 5:45:16 下午 org.apache.coyote.AbstractProtocol init
INFO: Initializing ProtocolHandler ["ajp-bio-8019"]
十一月 26, 2013 5:45:16 下午 org.apache.catalina.startup.Catalina load
INFO: Initialization processed in 521 ms
十一月 26, 2013 5:45:16 下午 org.apache.catalina.core.StandardService startInternal
INFO: Starting service Catalina
十一月 26, 2013 5:45:16 下午 org.apache.catalina.core.StandardEngine startInternal
INFO: Starting Servlet Engine: Apache Tomcat/7.0.47
十一月 26, 2013 5:45:18 下午 org.apache.catalina.startup.HostConfig deployWAR
INFO: Deploying web application archive D:\Developer\apache-tomcat-easyui\webapps\easyui-docs.war
十一月 26, 2013 5:45:18 下午 org.apache.catalina.startup.HostConfig deployDirectory
INFO: Deploying web application directory D:\Developer\apache-tomcat-easyui\webapps\docs
十一月 26, 2013 5:45:18 下午 org.apache.catalina.startup.HostConfig deployDirectory
INFO: Deploying web application directory D:\Developer\apache-tomcat-easyui\webapps\examples
十一月 26, 2013 5:45:18 下午 org.apache.catalina.startup.HostConfig deployDirectory
INFO: Deploying web application directory D:\Developer\apache-tomcat-easyui\webapps\host-manager
十一月 26, 2013 5:45:18 下午 org.apache.catalina.startup.HostConfig deployDirectory
INFO: Deploying web application directory D:\Developer\apache-tomcat-easyui\webapps\manager
十一月 26, 2013 5:45:18 下午 org.apache.coyote.AbstractProtocol start
INFO: Starting ProtocolHandler ["http-bio-8080"]
十一月 26, 2013 5:45:18 下午 org.apache.coyote.AbstractProtocol start
INFO: Starting ProtocolHandler ["ajp-bio-8019"]
十一月 26, 2013 5:45:18 下午 org.apache.catalina.startup.Catalina start
INFO: Server startup in 2366 ms
十一月 26, 2013 5:45:29 下午 org.apache.catalina.startup.HostConfig deleteRedeployResources
INFO: Undeploying context [/easyui-docs]
十一月 26, 2013 5:45:49 下午 org.apache.coyote.AbstractProtocol pause
INFO: Pausing ProtocolHandler ["http-bio-8080"]
十一月 26, 2013 5:45:49 下午 org.apache.coyote.AbstractProtocol pause
INFO: Pausing ProtocolHandler ["ajp-bio-8019"]
十一月 26, 2013 5:45:49 下午 org.apache.catalina.core.StandardService stopInternal
INFO: Stopping service Catalina
十一月 26, 2013 5:45:49 下午 org.apache.coyote.AbstractProtocol stop
INFO: Stopping ProtocolHandler ["http-bio-8080"]
十一月 26, 2013 5:46:17 下午 org.apache.catalina.core.AprLifecycleListener init
INFO: The APR based Apache Tomcat Native library which allows optimal performance in production environments was not found on the java.library.path: C:\Program Files\Java\jdk1.7.0_17\bin;C:\WINDOWS\Sun\Java\bin;C:\WINDOWS\system32;C:\WINDOWS;C:\WINDOWS\system32;C:\WINDOWS;C:\WINDOWS\System32\Wbem;C:\Program Files\MySQL\MySQL Server 5.5\bin;C:\Program Files\TortoiseSVN\bin;D:\WPS Office\9.1.0.4397\office6;C:\Program Files\Java\jdk1.7.0_17\bin;.
十一月 26, 2013 5:46:17 下午 org.apache.coyote.AbstractProtocol init
INFO: Initializing ProtocolHandler ["http-bio-8080"]
十一月 26, 2013 5:46:17 下午 org.apache.coyote.AbstractProtocol init
INFO: Initializing ProtocolHandler ["ajp-bio-8019"]
十一月 26, 2013 5:46:17 下午 org.apache.catalina.startup.Catalina load
INFO: Initialization processed in 513 ms
十一月 26, 2013 5:46:17 下午 org.apache.catalina.core.StandardService startInternal
INFO: Starting service Catalina
十一月 26, 2013 5:46:17 下午 org.apache.catalina.core.StandardEngine startInternal
INFO: Starting Servlet Engine: Apache Tomcat/7.0.47
十一月 26, 2013 5:46:17 下午 org.apache.catalina.startup.HostConfig deployDirectory
INFO: Deploying web application directory D:\Developer\apache-tomcat-easyui\webapps\docs
十一月 26, 2013 5:46:17 下午 org.apache.catalina.startup.HostConfig deployDirectory
INFO: Deploying web application directory D:\Developer\apache-tomcat-easyui\webapps\examples
十一月 26, 2013 5:46:18 下午 org.apache.catalina.startup.HostConfig deployDirectory
INFO: Deploying web application directory D:\Developer\apache-tomcat-easyui\webapps\host-manager
十一月 26, 2013 5:46:18 下午 org.apache.catalina.startup.HostConfig deployDirectory
INFO: Deploying web application directory D:\Developer\apache-tomcat-easyui\webapps\manager
十一月 26, 2013 5:46:18 下午 org.apache.catalina.startup.HostConfig deployDirectory
INFO: Deploying web application directory D:\Developer\apache-tomcat-easyui\webapps\ROOT
十一月 26, 2013 5:46:18 下午 org.apache.coyote.AbstractProtocol start
INFO: Starting ProtocolHandler ["http-bio-8080"]
十一月 26, 2013 5:46:18 下午 org.apache.coyote.AbstractProtocol start
INFO: Starting ProtocolHandler ["ajp-bio-8019"]
十一月 26, 2013 5:46:18 下午 org.apache.catalina.startup.Catalina start
INFO: Server startup in 1187 ms
十一月 26, 2013 5:47:25 下午 org.apache.coyote.AbstractProtocol pause
INFO: Pausing ProtocolHandler ["http-bio-8080"]
十一月 26, 2013 5:47:25 下午 org.apache.coyote.AbstractProtocol pause
INFO: Pausing ProtocolHandler ["ajp-bio-8019"]
十一月 26, 2013 5:47:25 下午 org.apache.catalina.core.StandardService stopInternal
INFO: Stopping service Catalina
十一月 26, 2013 5:47:25 下午 org.apache.coyote.AbstractProtocol stop
INFO: Stopping ProtocolHandler ["http-bio-8080"]
十一月 26, 2013 5:47:25 下午 org.apache.coyote.AbstractProtocol stop
INFO: Stopping ProtocolHandler ["ajp-bio-8019"]
十一月 26, 2013 5:47:25 下午 org.apache.coyote.AbstractProtocol destroy
INFO: Destroying ProtocolHandler ["http-bio-8080"]
十一月 26, 2013 5:47:25 下午 org.apache.coyote.AbstractProtocol destroy
INFO: Destroying ProtocolHandler ["ajp-bio-8019"]
十一月 26, 2013 5:47:31 下午 org.apache.catalina.core.AprLifecycleListener init
INFO: The APR based Apache Tomcat Native library which allows optimal performance in production environments was not found on the java.library.path: C:\Program Files\Java\jdk1.7.0_17\bin;C:\WINDOWS\Sun\Java\bin;C:\WINDOWS\system32;C:\WINDOWS;C:\WINDOWS\system32;C:\WINDOWS;C:\WINDOWS\System32\Wbem;C:\Program Files\MySQL\MySQL Server 5.5\bin;C:\Program Files\TortoiseSVN\bin;D:\WPS Office\9.1.0.4397\office6;C:\Program Files\Java\jdk1.7.0_17\bin;.
十一月 26, 2013 5:47:31 下午 org.apache.coyote.AbstractProtocol init
INFO: Initializing ProtocolHandler ["http-bio-8888"]
十一月 26, 2013 5:47:31 下午 org.apache.coyote.AbstractProtocol init
INFO: Initializing ProtocolHandler ["ajp-bio-8019"]
十一月 26, 2013 5:47:31 下午 org.apache.catalina.startup.Catalina load
INFO: Initialization processed in 482 ms
十一月 26, 2013 5:47:31 下午 org.apache.catalina.core.StandardService startInternal
INFO: Starting service Catalina
十一月 26, 2013 5:47:31 下午 org.apache.catalina.core.StandardEngine startInternal
INFO: Starting Servlet Engine: Apache Tomcat/7.0.47
十一月 26, 2013 5:47:31 下午 org.apache.catalina.startup.HostConfig deployDirectory
INFO: Deploying web application directory D:\Developer\apache-tomcat-easyui\webapps\docs
十一月 26, 2013 5:47:31 下午 org.apache.catalina.startup.HostConfig deployDirectory
INFO: Deploying web application directory D:\Developer\apache-tomcat-easyui\webapps\examples
十一月 26, 2013 5:47:32 下午 org.apache.catalina.startup.HostConfig deployDirectory
INFO: Deploying web application directory D:\Developer\apache-tomcat-easyui\webapps\host-manager
十一月 26, 2013 5:47:32 下午 org.apache.catalina.startup.HostConfig deployDirectory
INFO: Deploying web application directory D:\Developer\apache-tomcat-easyui\webapps\manager
十一月 26, 2013 5:47:32 下午 org.apache.catalina.startup.HostConfig deployDirectory
INFO: Deploying web application directory D:\Developer\apache-tomcat-easyui\webapps\ROOT
十一月 26, 2013 5:47:32 下午 org.apache.coyote.AbstractProtocol start
INFO: Starting ProtocolHandler ["http-bio-8888"]
十一月 26, 2013 5:47:32 下午 org.apache.coyote.AbstractProtocol start
INFO: Starting ProtocolHandler ["ajp-bio-8019"]
十一月 26, 2013 5:47:32 下午 org.apache.catalina.startup.Catalina start
INFO: Server startup in 1203 ms
十一月 26, 2013 7:45:39 下午 org.apache.coyote.AbstractProtocol pause
INFO: Pausing ProtocolHandler ["http-bio-8888"]
十一月 26, 2013 7:45:39 下午 org.apache.coyote.AbstractProtocol pause
INFO: Pausing ProtocolHandler ["ajp-bio-8019"]
十一月 26, 2013 7:45:39 下午 org.apache.catalina.core.StandardService stopInternal
INFO: Stopping service Catalina
十一月 26, 2013 7:45:39 下午 org.apache.coyote.AbstractProtocol stop
INFO: Stopping ProtocolHandler ["http-bio-8888"]
十一月 26, 2013 7:45:39 下午 org.apache.coyote.AbstractProtocol stop
INFO: Stopping ProtocolHandler ["ajp-bio-8019"]
十一月 26, 2013 7:45:39 下午 org.apache.coyote.AbstractProtocol destroy
INFO: Destroying ProtocolHandler ["http-bio-8888"]
十一月 26, 2013 7:45:39 下午 org.apache.coyote.AbstractProtocol destroy
INFO: Destroying ProtocolHandler ["ajp-bio-8019"]
