十一月 27, 2013 1:08:57 下午 org.apache.catalina.core.ApplicationContext log
INFO: ContextListener: contextInitialized()
十一月 27, 2013 1:08:57 下午 org.apache.catalina.core.ApplicationContext log
INFO: SessionListener: contextInitialized()
十一月 27, 2013 1:08:57 下午 org.apache.catalina.core.ApplicationContext log
INFO: ContextListener: attributeAdded('org.apache.jasper.compiler.TldLocationsCache', 'org.apache.jasper.compiler.TldLocationsCache@1defbbf')
十一月 27, 2013 2:55:13 下午 org.apache.catalina.core.ApplicationContext log
INFO: ContextListener: contextInitialized()
十一月 27, 2013 2:55:13 下午 org.apache.catalina.core.ApplicationContext log
INFO: SessionListener: contextInitialized()
十一月 27, 2013 2:55:13 下午 org.apache.catalina.core.ApplicationContext log
INFO: ContextListener: attributeAdded('org.apache.jasper.compiler.TldLocationsCache', 'org.apache.jasper.compiler.TldLocationsCache@213544')
十一月 27, 2013 2:55:46 下午 org.apache.catalina.core.ApplicationContext log
INFO: SessionListener: contextDestroyed()
十一月 27, 2013 2:55:46 下午 org.apache.catalina.core.ApplicationContext log
INFO: ContextListener: contextDestroyed()
十一月 27, 2013 2:56:53 下午 org.apache.catalina.core.ApplicationContext log
INFO: ContextListener: contextInitialized()
十一月 27, 2013 2:56:53 下午 org.apache.catalina.core.ApplicationContext log
INFO: SessionListener: contextInitialized()
十一月 27, 2013 2:56:53 下午 org.apache.catalina.core.ApplicationContext log
INFO: ContextListener: attributeAdded('org.apache.jasper.compiler.TldLocationsCache', 'org.apache.jasper.compiler.TldLocationsCache@32c746')
