十月 11, 2015 8:23:08 上午 org.apache.catalina.core.ApplicationContext log
信息: ContextListener: contextInitialized()
十月 11, 2015 8:23:08 上午 org.apache.catalina.core.ApplicationContext log
信息: SessionListener: contextInitialized()
十月 11, 2015 8:23:08 上午 org.apache.catalina.core.ApplicationContext log
信息: ContextListener: attributeAdded('org.apache.jasper.compiler.TldLocationsCache', 'org.apache.jasper.compiler.TldLocationsCache@239548df')
十月 11, 2015 8:23:46 上午 org.apache.catalina.core.ApplicationContext log
信息: SessionListener: contextDestroyed()
十月 11, 2015 8:23:46 上午 org.apache.catalina.core.ApplicationContext log
信息: ContextListener: contextDestroyed()
十月 11, 2015 10:36:08 上午 org.apache.catalina.core.ApplicationContext log
信息: ContextListener: contextInitialized()
十月 11, 2015 10:36:08 上午 org.apache.catalina.core.ApplicationContext log
信息: SessionListener: contextInitialized()
十月 11, 2015 10:36:08 上午 org.apache.catalina.core.ApplicationContext log
信息: ContextListener: attributeAdded('org.apache.jasper.compiler.TldLocationsCache', 'org.apache.jasper.compiler.TldLocationsCache@3f511d13')
十月 11, 2015 9:59:00 上午 org.apache.catalina.core.ApplicationContext log
信息: ContextListener: contextInitialized()
十月 11, 2015 9:59:00 上午 org.apache.catalina.core.ApplicationContext log
信息: SessionListener: contextInitialized()
十月 11, 2015 9:59:00 上午 org.apache.catalina.core.ApplicationContext log
信息: ContextListener: attributeAdded('org.apache.jasper.compiler.TldLocationsCache', 'org.apache.jasper.compiler.TldLocationsCache@7c68b91c')
十月 11, 2015 9:59:14 上午 org.apache.catalina.core.ApplicationContext log
信息: ContextListener: contextInitialized()
十月 11, 2015 9:59:14 上午 org.apache.catalina.core.ApplicationContext log
信息: SessionListener: contextInitialized()
十月 11, 2015 9:59:14 上午 org.apache.catalina.core.ApplicationContext log
信息: ContextListener: attributeAdded('org.apache.jasper.compiler.TldLocationsCache', 'org.apache.jasper.compiler.TldLocationsCache@db363fa')
