九月 20, 2016 10:53:00 上午 org.apache.catalina.core.ApplicationContext log
信息: ContextListener: contextInitialized()
九月 20, 2016 10:53:00 上午 org.apache.catalina.core.ApplicationContext log
信息: SessionListener: contextInitialized()
九月 20, 2016 10:53:00 上午 org.apache.catalina.core.ApplicationContext log
信息: ContextListener: attributeAdded('org.apache.jasper.compiler.TldLocationsCache', 'org.apache.jasper.compiler.TldLocationsCache@1cef0866')
九月 20, 2016 10:53:00 上午 org.apache.catalina.core.ApplicationContext log
信息: SessionListener: contextDestroyed()
九月 20, 2016 10:53:00 上午 org.apache.catalina.core.ApplicationContext log
信息: ContextListener: contextDestroyed()
九月 20, 2016 10:53:05 上午 org.apache.catalina.core.ApplicationContext log
信息: ContextListener: contextInitialized()
九月 20, 2016 10:53:05 上午 org.apache.catalina.core.ApplicationContext log
信息: SessionListener: contextInitialized()
九月 20, 2016 10:53:05 上午 org.apache.catalina.core.ApplicationContext log
信息: ContextListener: attributeAdded('org.apache.jasper.compiler.TldLocationsCache', 'org.apache.jasper.compiler.TldLocationsCache@5222a11b')
九月 20, 2016 10:53:05 上午 org.apache.catalina.core.ApplicationContext log
信息: SessionListener: contextDestroyed()
九月 20, 2016 10:53:05 上午 org.apache.catalina.core.ApplicationContext log
信息: ContextListener: contextDestroyed()
九月 20, 2016 10:53:45 上午 org.apache.catalina.core.ApplicationContext log
信息: ContextListener: contextInitialized()
九月 20, 2016 10:53:45 上午 org.apache.catalina.core.ApplicationContext log
信息: SessionListener: contextInitialized()
九月 20, 2016 10:53:45 上午 org.apache.catalina.core.ApplicationContext log
信息: ContextListener: attributeAdded('org.apache.jasper.compiler.TldLocationsCache', 'org.apache.jasper.compiler.TldLocationsCache@7c68b91c')
