十一月 26, 2013 5:43:08 下午 org.apache.catalina.core.ApplicationContext log
INFO: ContextListener: contextInitialized()
十一月 26, 2013 5:43:08 下午 org.apache.catalina.core.ApplicationContext log
INFO: SessionListener: contextInitialized()
十一月 26, 2013 5:43:08 下午 org.apache.catalina.core.ApplicationContext log
INFO: ContextListener: attributeAdded('org.apache.jasper.compiler.TldLocationsCache', 'org.apache.jasper.compiler.TldLocationsCache@182f72b')
十一月 26, 2013 5:43:08 下午 org.apache.catalina.core.ApplicationContext log
INFO: SessionListener: contextDestroyed()
十一月 26, 2013 5:43:08 下午 org.apache.catalina.core.ApplicationContext log
INFO: ContextListener: contextDestroyed()
十一月 26, 2013 5:43:13 下午 org.apache.catalina.core.ApplicationContext log
INFO: ContextListener: contextInitialized()
十一月 26, 2013 5:43:13 下午 org.apache.catalina.core.ApplicationContext log
INFO: SessionListener: contextInitialized()
十一月 26, 2013 5:43:13 下午 org.apache.catalina.core.ApplicationContext log
INFO: ContextListener: attributeAdded('org.apache.jasper.compiler.TldLocationsCache', 'org.apache.jasper.compiler.TldLocationsCache@1f67c40')
十一月 26, 2013 5:43:13 下午 org.apache.catalina.core.ApplicationContext log
INFO: SessionListener: contextDestroyed()
十一月 26, 2013 5:43:13 下午 org.apache.catalina.core.ApplicationContext log
INFO: ContextListener: contextDestroyed()
十一月 26, 2013 5:43:26 下午 org.apache.catalina.core.ApplicationContext log
INFO: ContextListener: contextInitialized()
十一月 26, 2013 5:43:26 下午 org.apache.catalina.core.ApplicationContext log
INFO: SessionListener: contextInitialized()
十一月 26, 2013 5:43:26 下午 org.apache.catalina.core.ApplicationContext log
INFO: ContextListener: attributeAdded('org.apache.jasper.compiler.TldLocationsCache', 'org.apache.jasper.compiler.TldLocationsCache@182f72b')
十一月 26, 2013 5:44:15 下午 org.apache.catalina.core.ApplicationContext log
INFO: SessionListener: contextDestroyed()
十一月 26, 2013 5:44:15 下午 org.apache.catalina.core.ApplicationContext log
INFO: ContextListener: contextDestroyed()
十一月 26, 2013 5:44:24 下午 org.apache.catalina.core.ApplicationContext log
INFO: ContextListener: contextInitialized()
十一月 26, 2013 5:44:24 下午 org.apache.catalina.core.ApplicationContext log
INFO: SessionListener: contextInitialized()
十一月 26, 2013 5:44:24 下午 org.apache.catalina.core.ApplicationContext log
INFO: ContextListener: attributeAdded('org.apache.jasper.compiler.TldLocationsCache', 'org.apache.jasper.compiler.TldLocationsCache@182f72b')
十一月 26, 2013 5:44:45 下午 org.apache.catalina.core.ApplicationContext log
INFO: SessionListener: contextDestroyed()
十一月 26, 2013 5:44:45 下午 org.apache.catalina.core.ApplicationContext log
INFO: ContextListener: contextDestroyed()
十一月 26, 2013 5:45:18 下午 org.apache.catalina.core.ApplicationContext log
INFO: ContextListener: contextInitialized()
十一月 26, 2013 5:45:18 下午 org.apache.catalina.core.ApplicationContext log
INFO: SessionListener: contextInitialized()
十一月 26, 2013 5:45:18 下午 org.apache.catalina.core.ApplicationContext log
INFO: ContextListener: attributeAdded('org.apache.jasper.compiler.TldLocationsCache', 'org.apache.jasper.compiler.TldLocationsCache@182f72b')
十一月 26, 2013 5:45:49 下午 org.apache.catalina.core.ApplicationContext log
INFO: SessionListener: contextDestroyed()
十一月 26, 2013 5:45:49 下午 org.apache.catalina.core.ApplicationContext log
INFO: ContextListener: contextDestroyed()
十一月 26, 2013 5:46:18 下午 org.apache.catalina.core.ApplicationContext log
INFO: ContextListener: contextInitialized()
十一月 26, 2013 5:46:18 下午 org.apache.catalina.core.ApplicationContext log
INFO: SessionListener: contextInitialized()
十一月 26, 2013 5:46:18 下午 org.apache.catalina.core.ApplicationContext log
INFO: ContextListener: attributeAdded('org.apache.jasper.compiler.TldLocationsCache', 'org.apache.jasper.compiler.TldLocationsCache@213544')
十一月 26, 2013 5:47:25 下午 org.apache.catalina.core.ApplicationContext log
INFO: SessionListener: contextDestroyed()
十一月 26, 2013 5:47:25 下午 org.apache.catalina.core.ApplicationContext log
INFO: ContextListener: contextDestroyed()
十一月 26, 2013 5:47:32 下午 org.apache.catalina.core.ApplicationContext log
INFO: ContextListener: contextInitialized()
十一月 26, 2013 5:47:32 下午 org.apache.catalina.core.ApplicationContext log
INFO: SessionListener: contextInitialized()
十一月 26, 2013 5:47:32 下午 org.apache.catalina.core.ApplicationContext log
INFO: ContextListener: attributeAdded('org.apache.jasper.compiler.TldLocationsCache', 'org.apache.jasper.compiler.TldLocationsCache@1639a35')
十一月 26, 2013 7:45:39 下午 org.apache.catalina.core.ApplicationContext log
INFO: SessionListener: contextDestroyed()
十一月 26, 2013 7:45:39 下午 org.apache.catalina.core.ApplicationContext log
INFO: ContextListener: contextDestroyed()
