九月 04, 2016 8:34:50 上午 org.apache.catalina.core.ApplicationContext log
信息: ContextListener: contextInitialized()
九月 04, 2016 8:34:50 上午 org.apache.catalina.core.ApplicationContext log
信息: SessionListener: contextInitialized()
九月 04, 2016 8:34:50 上午 org.apache.catalina.core.ApplicationContext log
信息: ContextListener: attributeAdded('org.apache.jasper.compiler.TldLocationsCache', 'org.apache.jasper.compiler.TldLocationsCache@21fbf127')
九月 04, 2016 8:35:07 上午 org.apache.catalina.core.ApplicationContext log
信息: SessionListener: contextDestroyed()
九月 04, 2016 8:35:07 上午 org.apache.catalina.core.ApplicationContext log
信息: ContextListener: contextDestroyed()
九月 04, 2016 9:23:38 上午 org.apache.catalina.core.ApplicationContext log
信息: ContextListener: contextInitialized()
九月 04, 2016 9:23:38 上午 org.apache.catalina.core.ApplicationContext log
信息: SessionListener: contextInitialized()
九月 04, 2016 9:23:38 上午 org.apache.catalina.core.ApplicationContext log
信息: ContextListener: attributeAdded('org.apache.jasper.compiler.TldLocationsCache', 'org.apache.jasper.compiler.TldLocationsCache@31245703')
九月 04, 2016 12:43:21 下午 org.apache.catalina.core.ApplicationContext log
信息: ContextListener: contextInitialized()
九月 04, 2016 12:43:21 下午 org.apache.catalina.core.ApplicationContext log
信息: SessionListener: contextInitialized()
九月 04, 2016 12:43:21 下午 org.apache.catalina.core.ApplicationContext log
信息: ContextListener: attributeAdded('org.apache.jasper.compiler.TldLocationsCache', 'org.apache.jasper.compiler.TldLocationsCache@664beade')
九月 04, 2016 8:54:01 下午 org.apache.catalina.core.ApplicationContext log
信息: ContextListener: contextInitialized()
九月 04, 2016 8:54:01 下午 org.apache.catalina.core.ApplicationContext log
信息: SessionListener: contextInitialized()
九月 04, 2016 8:54:01 下午 org.apache.catalina.core.ApplicationContext log
信息: ContextListener: attributeAdded('org.apache.jasper.compiler.TldLocationsCache', 'org.apache.jasper.compiler.TldLocationsCache@228c94a')
